SF:lib\common\bloc\favorite_button\favorite_button_state.dart
DA:10,3
LF:1
LH:1
end_of_record
SF:lib\common\bloc\favorite_button\favorite_button_cubit.dart
DA:8,5
DA:9,10
DA:11,3
DA:12,6
DA:13,3
DA:14,9
LF:6
LH:6
end_of_record
SF:lib\domain\usecases\song\add_or_remove_favorite_usecase.dart
DA:8,1
DA:9,0
DA:11,0
LF:3
LH:1
end_of_record
SF:lib\core\failure\failure.dart
DA:5,5
DA:7,2
DA:8,4
DA:12,0
LF:4
LH:3
end_of_record
SF:lib\data\models\auth\create_user_req.dart
DA:6,4
LF:1
LH:1
end_of_record
SF:lib\data\repository\auth\auth_repository_impl.dart
DA:12,2
DA:13,0
DA:15,0
DA:18,1
DA:20,2
DA:23,0
DA:25,0
DA:28,0
DA:30,0
LF:9
LH:3
end_of_record
SF:lib\data\sources\auth\auth_firebase_service.dart
DA:20,2
DA:25,0
DA:28,0
DA:29,0
DA:30,0
DA:34,0
DA:37,0
DA:39,0
DA:42,0
DA:46,1
DA:49,2
DA:50,1
DA:51,1
DA:55,7
DA:56,1
DA:57,2
DA:58,2
DA:60,1
DA:61,2
DA:64,1
DA:65,2
DA:66,2
DA:68,2
DA:69,2
DA:71,2
DA:75,0
DA:78,0
DA:79,0
DA:80,0
DA:81,0
DA:83,0
DA:84,0
DA:86,0
DA:88,0
DA:92,0
DA:94,0
LF:36
LH:17
end_of_record
SF:lib\data\models\auth\signin_user_req.dart
DA:5,1
LF:1
LH:1
end_of_record
SF:lib\data\models\auth\user_model.dart
DA:4,0
DA:7,0
DA:8,0
DA:9,0
DA:10,0
LF:5
LH:0
end_of_record
SF:lib\domain\entities\auth\user_entity.dart
DA:6,2
LF:1
LH:1
end_of_record
SF:lib\domain\usecases\auth\signup_usecase.dart
DA:10,2
DA:11,1
DA:13,2
LF:3
LH:3
end_of_record
SF:lib\domain\usecases\auth\is_user_logged_in_usecase.dart
DA:7,2
DA:8,1
DA:10,2
LF:3
LH:3
end_of_record
SF:lib\domain\usecases\auth\signin_usecase.dart
DA:9,1
DA:10,0
DA:12,0
LF:3
LH:1
end_of_record
SF:lib\presentation\auth\cubits\signin\signin_state.dart
DA:4,2
DA:6,1
DA:7,1
DA:11,2
DA:15,2
DA:19,2
DA:25,2
DA:27,1
DA:28,2
LF:9
LH:9
end_of_record
SF:lib\presentation\auth\cubits\signin\signin_cubit.dart
DA:11,3
DA:13,1
DA:17,2
DA:19,2
DA:20,1
DA:26,1
DA:27,3
DA:28,3
LF:8
LH:8
end_of_record
SF:lib\main_app.dart
DA:10,1
DA:15,1
DA:17,1
DA:18,1
DA:19,1
DA:21,1
DA:22,1
DA:24,1
LF:8
LH:8
end_of_record
SF:lib\presentation\choose_mode\cubit\theme_cubit.dart
DA:7,4
DA:9,4
DA:11,2
DA:13,4
DA:16,2
DA:18,4
LF:6
LH:6
end_of_record
SF:lib\core\configs\theme\app_theme.dart
DA:6,6
DA:11,2
DA:19,2
DA:20,2
DA:21,2
DA:22,2
DA:27,2
DA:28,2
DA:29,2
DA:35,2
DA:36,2
DA:42,2
DA:43,2
DA:46,2
DA:47,2
DA:51,2
DA:53,2
DA:55,2
DA:61,6
DA:66,2
DA:74,2
DA:75,2
DA:76,2
DA:77,2
DA:82,2
DA:83,2
DA:84,2
DA:90,2
DA:91,2
DA:96,2
DA:97,2
DA:100,2
DA:101,2
DA:105,2
DA:107,2
DA:109,2
LF:36
LH:36
end_of_record
SF:lib\presentation\auth\cubits\signup\signup_cubit.dart
DA:11,3
DA:13,1
DA:18,2
DA:20,2
DA:21,1
DA:28,1
DA:29,4
DA:30,3
LF:8
LH:8
end_of_record
SF:lib\presentation\auth\cubits\signup\signup_state.dart
DA:4,2
DA:6,1
DA:7,1
DA:19,2
LF:4
LH:4
end_of_record
SF:lib\common\widgets\button\basic_app_button_widget.dart
DA:8,5
DA:15,5
DA:17,5
DA:18,5
DA:19,5
DA:20,10
DA:22,10
LF:7
LH:7
end_of_record
SF:lib\presentation\auth\pages\signin_page.dart
DA:10,4
DA:12,1
DA:13,1
DA:20,1
DA:22,2
DA:23,2
DA:24,1
DA:27,1
DA:29,1
DA:30,1
DA:31,1
DA:32,1
DA:33,4
DA:36,1
DA:37,1
DA:40,1
DA:41,1
DA:42,1
DA:43,1
DA:45,1
DA:46,1
DA:47,1
DA:49,1
DA:51,1
DA:53,1
DA:54,1
DA:55,1
DA:58,1
DA:60,1
DA:61,2
DA:62,2
DA:63,2
DA:76,1
DA:77,1
DA:79,1
DA:87,1
DA:88,1
DA:89,1
DA:96,1
DA:97,1
DA:98,1
DA:105,1
DA:106,1
DA:108,1
DA:110,1
DA:116,1
DA:117,2
LF:47
LH:47
end_of_record
SF:lib\common\helpers\is_dark_mode.dart
DA:4,16
DA:5,32
LF:2
LH:2
end_of_record
SF:lib\common\widgets\appbar\app_bar_widget.dart
DA:10,5
DA:18,5
DA:20,5
DA:21,5
DA:22,5
DA:24,5
DA:25,13
DA:27,5
DA:29,4
DA:30,4
DA:33,4
DA:34,4
DA:35,0
DA:36,4
DA:44,0
DA:49,4
LF:16
LH:14
end_of_record
SF:lib\presentation\choose_mode\cubit\theme_state.dart
LF:0
LH:0
end_of_record
SF:lib\domain\entities\song\song_entity.dart
DA:13,5
LF:1
LH:1
end_of_record
SF:lib\domain\usecases\song\get_news_songs_usecase.dart
DA:8,1
DA:10,0
DA:12,0
LF:3
LH:1
end_of_record
SF:lib\presentation\home\cubit\news_songs_state.dart
DA:9,2
DA:14,2
LF:2
LH:2
end_of_record
SF:lib\presentation\home\cubit\news_songs_cubit.dart
DA:9,12
DA:11,1
DA:12,2
DA:14,1
DA:15,4
DA:16,3
LF:6
LH:6
end_of_record
SF:lib\presentation\auth\pages\signup_or_siginn_page.dart
DA:10,4
DA:12,1
DA:14,1
DA:15,1
DA:16,1
DA:17,1
DA:18,1
DA:20,2
DA:22,1
DA:24,2
DA:26,1
DA:28,2
DA:30,1
DA:32,1
DA:34,1
DA:37,1
DA:38,2
DA:39,1
DA:44,1
DA:54,1
DA:55,1
DA:56,1
DA:57,1
DA:59,1
DA:60,1
DA:61,1
DA:63,1
DA:64,1
DA:69,1
DA:70,1
DA:72,1
DA:73,1
DA:74,1
DA:76,1
DA:78,1
LF:35
LH:35
end_of_record
SF:lib\domain\usecases\song\get_play_list_usecase.dart
DA:8,1
DA:9,0
DA:11,0
LF:3
LH:1
end_of_record
SF:lib\presentation\home\cubit\play_list_state.dart
DA:10,2
DA:15,2
LF:2
LH:2
end_of_record
SF:lib\presentation\home\cubit\play_list_cubit.dart
DA:11,12
DA:13,1
DA:14,2
DA:16,1
DA:17,4
DA:18,3
LF:6
LH:6
end_of_record
SF:lib\presentation\choose_mode\pages\choose_mode_page.dart
DA:13,4
DA:15,1
DA:17,1
DA:18,1
DA:19,1
DA:20,1
DA:22,1
DA:23,1
DA:24,3
DA:29,1
DA:30,1
DA:32,1
DA:34,1
DA:35,1
DA:36,1
DA:38,2
DA:40,1
DA:41,1
DA:43,1
DA:49,1
DA:50,1
DA:52,1
DA:53,1
DA:54,1
DA:55,1
DA:56,1
DA:58,1
DA:59,1
DA:61,1
DA:62,1
DA:63,1
DA:64,1
DA:67,1
DA:69,2
DA:72,2
DA:77,1
DA:78,1
DA:80,1
DA:88,1
DA:89,1
DA:90,1
DA:91,1
DA:92,1
DA:94,1
DA:95,1
DA:97,1
DA:98,1
DA:99,1
DA:100,1
DA:103,1
DA:105,2
DA:107,2
DA:112,1
DA:113,1
DA:115,1
DA:125,1
DA:126,1
DA:127,1
DA:128,1
LF:59
LH:59
end_of_record
SF:lib\presentation\auth\pages\signup_page.dart
DA:11,1
DA:17,1
DA:19,1
DA:20,1
DA:21,1
DA:22,1
DA:23,4
DA:26,1
DA:27,1
DA:30,1
DA:31,1
DA:32,1
DA:33,2
DA:35,1
DA:37,1
DA:39,1
DA:40,1
DA:42,1
DA:44,1
DA:46,1
DA:48,1
DA:50,1
DA:51,2
DA:52,2
DA:53,2
DA:54,2
DA:65,1
DA:66,1
DA:68,1
DA:76,1
DA:77,1
DA:78,1
DA:85,1
DA:86,1
DA:87,1
DA:94,1
DA:95,1
DA:96,1
DA:103,1
DA:104,1
DA:106,1
DA:108,1
DA:114,1
DA:115,1
DA:116,1
LF:45
LH:45
end_of_record
SF:lib\domain\usecases\song\get_favorites_song_usecase.dart
DA:8,1
DA:9,0
DA:11,0
LF:3
LH:1
end_of_record
SF:lib\presentation\profile\blocs\favorite_songs\favorite_songs_state.dart
DA:9,2
LF:1
LH:1
end_of_record
SF:lib\presentation\profile\blocs\favorite_songs\favorite_songs_cubit.dart
DA:9,3
DA:10,6
DA:13,1
DA:14,2
DA:16,5
DA:17,2
DA:18,1
DA:22,2
DA:23,4
DA:25,2
DA:26,4
DA:27,2
DA:29,4
LF:13
LH:13
end_of_record
SF:lib\presentation\home\widgets\new_songs_widget.dart
DA:11,2
DA:13,2
DA:15,2
DA:17,2
DA:18,2
DA:19,2
DA:25,1
DA:26,1
DA:27,2
DA:31,1
DA:32,2
DA:41,1
DA:42,1
DA:44,1
DA:45,1
DA:46,1
DA:47,1
DA:49,1
DA:52,1
DA:55,1
DA:57,1
DA:58,1
DA:59,1
DA:60,1
DA:61,1
DA:62,1
DA:63,3
DA:66,1
DA:68,1
DA:71,1
DA:72,1
DA:74,1
DA:76,1
DA:78,1
DA:80,1
DA:81,0
DA:82,1
DA:88,1
DA:89,1
DA:90,2
DA:96,1
DA:97,1
DA:98,2
DA:109,0
DA:110,1
LF:45
LH:43
end_of_record
SF:lib\common\widgets\favorite_button\favorite_button_widget.dart
DA:8,2
DA:14,2
DA:16,2
DA:17,2
DA:18,2
DA:19,2
LF:6
LH:6
end_of_record
SF:lib\presentation\home\pages\home_page.dart
DA:11,5
DA:13,1
DA:14,1
DA:19,1
DA:21,2
DA:22,1
DA:25,1
DA:27,2
DA:28,1
DA:31,1
DA:33,1
DA:34,1
DA:36,1
DA:37,2
DA:38,1
DA:39,1
DA:40,1
DA:44,1
DA:45,1
DA:47,1
DA:48,1
DA:49,1
DA:50,1
DA:52,3
DA:53,1
DA:54,1
DA:55,1
DA:56,1
DA:59,1
DA:66,1
DA:67,1
DA:68,1
DA:70,1
DA:71,1
DA:72,1
DA:74,2
DA:75,1
DA:77,1
DA:78,1
DA:79,2
DA:87,1
DA:88,1
DA:89,1
DA:91,2
DA:92,1
DA:93,1
DA:94,1
DA:95,1
DA:96,1
DA:97,1
LF:50
LH:50
end_of_record
SF:lib\presentation\home\widgets\play_list_widget.dart
DA:13,3
DA:15,2
DA:17,2
DA:19,2
DA:20,2
DA:21,2
DA:22,2
DA:23,2
DA:25,2
DA:30,1
DA:31,1
DA:32,2
DA:36,1
DA:37,1
DA:39,2
DA:40,2
DA:41,1
DA:43,1
DA:45,1
DA:47,1
DA:50,1
DA:55,2
DA:59,0
DA:64,1
DA:66,1
DA:68,1
DA:69,1
DA:70,1
DA:71,1
DA:73,1
DA:76,1
DA:78,1
DA:79,1
DA:80,1
DA:81,1
DA:84,1
DA:86,1
DA:88,1
DA:90,1
DA:92,1
DA:93,0
DA:94,1
DA:97,1
DA:98,1
DA:100,1
DA:101,1
DA:102,2
DA:103,1
DA:108,1
DA:109,2
DA:110,1
DA:113,1
DA:120,2
DA:121,1
DA:122,4
DA:124,1
DA:125,1
DA:126,2
DA:127,1
DA:129,3
DA:137,0
DA:138,1
LF:62
LH:59
end_of_record
SF:lib\domain\usecases\auth\get_user_usecase.dart
DA:10,1
DA:11,0
DA:13,0
LF:3
LH:1
end_of_record
SF:lib\presentation\profile\blocs\profile_info_cubit\profile_info_cubit.dart
DA:9,9
DA:11,1
DA:12,2
DA:14,5
DA:15,3
LF:5
LH:5
end_of_record
SF:lib\presentation\profile\blocs\profile_info_cubit\profile_info_state.dart
DA:9,2
DA:14,2
LF:2
LH:2
end_of_record
SF:lib\presentation\intro\pages\get_started_page.dart
DA:9,4
DA:11,1
DA:13,1
DA:14,1
DA:15,1
DA:16,1
DA:18,1
DA:19,1
DA:20,3
DA:25,1
DA:26,1
DA:28,1
DA:30,1
DA:31,1
DA:32,1
DA:34,2
DA:36,1
DA:37,1
DA:39,1
DA:45,1
DA:46,1
DA:48,1
DA:55,1
DA:56,1
DA:57,2
LF:25
LH:25
end_of_record
SF:lib\presentation\song_player\bloc\cubit\song_player_state.dart
DA:12,2
DA:20,1
LF:2
LH:2
end_of_record
SF:lib\presentation\song_player\bloc\cubit\song_player_cubit.dart
DA:25,1
DA:31,2
DA:32,1
DA:35,1
DA:36,5
DA:37,1
DA:38,1
DA:41,5
DA:43,1
DA:44,1
DA:49,1
DA:51,2
DA:52,1
DA:54,2
DA:58,1
DA:59,2
DA:60,1
DA:63,1
DA:64,1
DA:65,1
DA:66,1
DA:67,1
DA:68,2
DA:73,1
DA:75,2
DA:76,2
DA:77,1
LF:27
LH:27
end_of_record
SF:lib\domain\usecases\audio\get_song_duration_stream_usecase.dart
DA:6,0
DA:8,0
LF:2
LH:0
end_of_record
SF:lib\domain\usecases\audio\get_song_position_stream_usecase.dart
DA:6,0
DA:8,0
LF:2
LH:0
end_of_record
SF:lib\domain\usecases\audio\is_song_playing_usecase.dart
DA:6,0
DA:8,0
DA:9,0
LF:3
LH:0
end_of_record
SF:lib\domain\usecases\audio\load_song_usecase.dart
DA:9,0
DA:11,0
DA:13,0
LF:3
LH:0
end_of_record
SF:lib\domain\usecases\audio\play_or_pause_song_usecase.dart
DA:9,0
DA:11,0
DA:13,0
LF:3
LH:0
end_of_record
SF:lib\domain\usecases\song\is_favorite_usecase.dart
DA:7,1
DA:8,0
DA:10,0
LF:3
LH:1
end_of_record
SF:lib\presentation\profile\pages\profile_page.dart
DA:13,3
DA:15,0
DA:17,0
DA:18,0
DA:19,0
DA:20,0
DA:22,0
DA:23,0
DA:24,0
DA:26,0
DA:34,1
DA:36,1
DA:38,1
DA:39,4
DA:41,1
DA:42,1
DA:48,1
DA:49,1
DA:50,1
DA:51,1
DA:52,1
DA:54,1
DA:55,1
DA:61,1
DA:62,1
DA:64,1
DA:65,1
DA:67,2
DA:68,3
DA:70,2
DA:74,1
DA:75,1
DA:76,2
DA:77,1
DA:80,1
DA:83,1
DA:84,1
DA:85,2
DA:86,1
DA:89,1
DA:95,1
DA:96,1
DA:97,2
DA:100,0
DA:108,1
DA:110,1
DA:112,1
DA:114,1
DA:116,1
DA:118,1
DA:119,1
DA:121,1
DA:122,1
DA:123,1
DA:124,1
DA:125,1
DA:127,1
DA:132,1
DA:133,1
DA:135,0
DA:136,2
DA:137,1
DA:138,1
DA:139,0
DA:140,0
DA:142,0
DA:145,1
DA:147,1
DA:148,1
DA:149,1
DA:150,1
DA:153,1
DA:154,1
DA:155,1
DA:156,1
DA:157,3
DA:160,1
DA:161,1
DA:163,1
DA:164,1
DA:165,3
DA:166,1
DA:171,1
DA:172,3
DA:173,1
DA:176,1
DA:183,2
DA:184,1
DA:185,3
DA:186,1
DA:187,1
DA:189,1
DA:190,1
DA:191,3
DA:192,1
DA:194,1
DA:196,1
DA:197,3
DA:200,1
DA:211,1
DA:212,1
DA:213,1
DA:216,0
LF:103
LH:88
end_of_record
SF:lib\presentation\song_player\pages\song_player_page.dart
DA:11,1
DA:13,1
DA:15,2
DA:22,1
DA:27,1
DA:29,2
DA:31,1
DA:32,1
DA:34,1
DA:36,0
DA:39,1
DA:41,1
DA:42,1
DA:43,4
DA:45,2
DA:59,1
DA:64,1
DA:66,1
DA:67,1
DA:68,1
DA:69,1
DA:70,1
DA:71,2
DA:82,1
DA:84,1
DA:86,1
DA:88,1
DA:89,1
DA:91,1
DA:92,1
DA:93,2
DA:99,1
DA:100,2
DA:108,1
DA:109,0
DA:122,4
DA:124,1
DA:126,1
DA:127,1
DA:128,1
DA:132,1
DA:133,3
DA:134,3
DA:137,1
DA:138,1
DA:139,1
DA:142,5
DA:145,0
DA:148,1
DA:150,1
DA:151,3
DA:152,3
DA:156,1
DA:158,3
DA:159,1
DA:166,1
DA:167,1
DA:180,5
LF:58
LH:55
end_of_record
SF:lib\presentation\splash\pages\splash_page.dart
DA:5,4
DA:7,1
DA:9,1
DA:10,1
DA:11,2
LF:5
LH:5
end_of_record
SF:lib\core\router\route_guards.dart
DA:7,2
DA:9,2
DA:10,4
LF:3
LH:3
end_of_record
SF:lib\core\router\app_router.dart
DA:27,1
DA:29,2
DA:31,1
DA:32,1
DA:34,0
DA:35,1
DA:36,4
DA:39,1
DA:41,0
DA:42,0
DA:43,0
DA:44,0
DA:45,0
DA:49,1
DA:51,0
DA:53,1
DA:55,0
DA:56,0
DA:60,1
DA:62,0
DA:64,1
DA:66,0
DA:68,1
DA:70,0
DA:72,1
DA:74,0
DA:75,0
DA:77,0
DA:78,0
DA:79,0
DA:85,1
DA:87,0
DA:88,0
DA:89,0
DA:90,0
DA:91,0
DA:92,0
DA:93,0
LF:38
LH:14
end_of_record
SF:lib\service_locator.dart
DA:38,3
DA:39,1
DA:44,2
DA:45,2
DA:48,2
DA:49,1
DA:50,2
DA:51,2
DA:55,2
DA:56,1
DA:57,2
DA:58,2
DA:61,2
DA:62,0
DA:66,2
DA:67,3
DA:70,2
DA:71,3
DA:74,2
DA:75,0
DA:79,5
DA:80,5
DA:81,5
DA:82,5
DA:83,5
DA:84,5
DA:85,5
DA:86,5
DA:87,5
DA:88,2
DA:89,2
DA:90,2
DA:91,2
DA:92,2
DA:95,6
DA:96,6
DA:97,6
DA:98,6
DA:99,2
DA:100,6
DA:101,2
DA:102,0
DA:103,0
DA:104,0
DA:105,0
DA:106,0
DA:107,0
DA:112,2
DA:113,0
DA:114,0
DA:118,2
DA:119,0
DA:120,0
LF:53
LH:41
end_of_record
SF:lib\data\models\song\song_model.dart
DA:4,0
DA:15,0
DA:20,0
DA:21,0
DA:22,0
DA:23,0
DA:24,0
DA:25,0
DA:26,0
LF:9
LH:0
end_of_record
SF:lib\data\repository\audio\audio_player_repositoy_impl.dart
DA:9,0
DA:11,0
DA:12,0
DA:14,0
DA:15,0
DA:17,0
DA:20,0
DA:23,0
DA:27,0
DA:30,0
DA:33,0
DA:37,0
DA:40,0
DA:43,0
DA:47,0
DA:48,0
DA:50,0
DA:51,0
LF:18
LH:0
end_of_record
SF:lib\data\sources\audio\audio_player_datasource.dart
DA:17,0
DA:19,0
DA:20,0
DA:22,0
DA:23,0
DA:25,0
DA:26,0
DA:28,0
DA:29,0
DA:31,0
DA:32,0
DA:34,0
DA:35,0
DA:37,0
DA:38,0
LF:15
LH:0
end_of_record
SF:lib\data\repository\song\song_repository_impl.dart
DA:8,1
DA:9,0
DA:11,0
DA:14,0
DA:16,0
DA:19,0
DA:21,0
DA:24,0
DA:26,0
DA:29,0
DA:31,0
LF:11
LH:1
end_of_record
SF:lib\data\sources\song\song_firebase_service.dart
DA:24,1
DA:26,0
DA:29,0
DA:31,0
DA:32,0
DA:33,0
DA:34,0
DA:35,0
DA:37,0
DA:39,0
DA:41,0
DA:42,0
DA:44,0
DA:47,0
DA:50,0
DA:52,0
DA:56,0
DA:59,0
DA:60,0
DA:61,0
DA:62,0
DA:63,0
DA:64,0
DA:65,0
DA:67,0
DA:69,0
DA:70,0
DA:72,0
DA:75,0
DA:78,0
DA:80,0
DA:84,0
DA:87,0
DA:89,0
DA:90,0
DA:91,0
DA:92,0
DA:93,0
DA:95,0
DA:97,0
DA:98,0
DA:101,0
DA:103,0
DA:108,0
DA:112,0
DA:115,0
DA:116,0
DA:118,0
DA:119,0
DA:120,0
DA:121,0
DA:122,0
DA:123,0
DA:125,0
DA:135,0
DA:138,0
DA:139,0
DA:141,0
DA:142,0
DA:143,0
DA:144,0
DA:145,0
DA:147,0
DA:148,0
DA:149,0
DA:150,0
DA:152,0
DA:154,0
DA:157,0
DA:159,0
LF:70
LH:1
end_of_record
